Analysis & Synthesis report for SAD_V3
Mon Nov 04 04:21:24 2024
Quartus II 32-bit Version 13.0.1 Build 232 06/12/2013 Service Pack 1 SJ Web Edition


---------------------
; Table of Contents ;
---------------------
  1. Legal Notice
  2. Analysis & Synthesis Summary
  3. Analysis & Synthesis Settings
  4. Parallel Compilation
  5. Analysis & Synthesis Source Files Read
  6. Analysis & Synthesis Resource Usage Summary
  7. Analysis & Synthesis Resource Utilization by Entity
  8. State Machine - |SAD_V3|sad_controle:Bloco_de_Controle|estadoAtual
  9. General Register Statistics
 10. Parameter Settings for User Entity Instance: Top-level Entity: |SAD_V3
 11. Parameter Settings for User Entity Instance: sad_operativo:Bloco_de_Operacao
 12. Parameter Settings for User Entity Instance: sad_operativo:Bloco_de_Operacao|adder4:Somadori
 13. Parameter Settings for User Entity Instance: sad_operativo:Bloco_de_Operacao|subtractor:Subtrator0
 14. Parameter Settings for User Entity Instance: sad_operativo:Bloco_de_Operacao|subtractor:Subtrator1
 15. Parameter Settings for User Entity Instance: sad_operativo:Bloco_de_Operacao|subtractor:Subtrator2
 16. Parameter Settings for User Entity Instance: sad_operativo:Bloco_de_Operacao|subtractor:Subtrator3
 17. Parameter Settings for User Entity Instance: sad_operativo:Bloco_de_Operacao|absolute:Absolute0
 18. Parameter Settings for User Entity Instance: sad_operativo:Bloco_de_Operacao|absolute:Absolute1
 19. Parameter Settings for User Entity Instance: sad_operativo:Bloco_de_Operacao|absolute:Absolute2
 20. Parameter Settings for User Entity Instance: sad_operativo:Bloco_de_Operacao|absolute:Absolute3
 21. Parameter Settings for User Entity Instance: sad_operativo:Bloco_de_Operacao|adder8:Adder0
 22. Parameter Settings for User Entity Instance: sad_operativo:Bloco_de_Operacao|adder8:Adder1
 23. Parameter Settings for User Entity Instance: sad_operativo:Bloco_de_Operacao|adder9:Adder2
 24. Parameter Settings for User Entity Instance: sad_operativo:Bloco_de_Operacao|adder14:Adder3
 25. Port Connectivity Checks: "sad_operativo:Bloco_de_Operacao|reg14:SAD_reg"
 26. Port Connectivity Checks: "sad_operativo:Bloco_de_Operacao|reg14:regsoma"
 27. Port Connectivity Checks: "sad_operativo:Bloco_de_Operacao|mux14:MMux14"
 28. Port Connectivity Checks: "sad_operativo:Bloco_de_Operacao|adder14:Adder3"
 29. Port Connectivity Checks: "sad_operativo:Bloco_de_Operacao|subtractor:Subtrator3"
 30. Port Connectivity Checks: "sad_operativo:Bloco_de_Operacao|subtractor:Subtrator2"
 31. Port Connectivity Checks: "sad_operativo:Bloco_de_Operacao|subtractor:Subtrator1"
 32. Port Connectivity Checks: "sad_operativo:Bloco_de_Operacao|subtractor:Subtrator0"
 33. Port Connectivity Checks: "sad_operativo:Bloco_de_Operacao|regn8:RegPB3"
 34. Port Connectivity Checks: "sad_operativo:Bloco_de_Operacao|regn8:RegPB2"
 35. Port Connectivity Checks: "sad_operativo:Bloco_de_Operacao|regn8:RegPB1"
 36. Port Connectivity Checks: "sad_operativo:Bloco_de_Operacao|regn8:RegPB0"
 37. Port Connectivity Checks: "sad_operativo:Bloco_de_Operacao|regn8:RegPA3"
 38. Port Connectivity Checks: "sad_operativo:Bloco_de_Operacao|regn8:RegPA2"
 39. Port Connectivity Checks: "sad_operativo:Bloco_de_Operacao|regn8:RegPA1"
 40. Port Connectivity Checks: "sad_operativo:Bloco_de_Operacao|regn8:RegPA0"
 41. Port Connectivity Checks: "sad_operativo:Bloco_de_Operacao|adder4:Somadori"
 42. Port Connectivity Checks: "sad_operativo:Bloco_de_Operacao|reg5:Regi"
 43. Port Connectivity Checks: "sad_operativo:Bloco_de_Operacao|mux5:Muxi"
 44. Elapsed Time Per Partition
 45. Analysis & Synthesis Messages



----------------
; Legal Notice ;
----------------
Copyright (C) 1991-2013 Altera Corporation
Your use of Altera Corporation's design tools, logic functions 
and other software and tools, and its AMPP partner logic 
functions, and any output files from any of the foregoing 
(including device programming or simulation files), and any 
associated documentation or information are expressly subject 
to the terms and conditions of the Altera Program License 
Subscription Agreement, Altera MegaCore Function License 
Agreement, or other applicable license agreement, including, 
without limitation, that your use is for the sole purpose of 
programming logic devices manufactured by Altera and sold by 
Altera or its authorized distributors.  Please refer to the 
applicable agreement for further details.



+--------------------------------------------------------------------------------------+
; Analysis & Synthesis Summary                                                         ;
+------------------------------------+-------------------------------------------------+
; Analysis & Synthesis Status        ; Successful - Mon Nov 04 04:21:24 2024           ;
; Quartus II 32-bit Version          ; 13.0.1 Build 232 06/12/2013 SP 1 SJ Web Edition ;
; Revision Name                      ; SAD_V3                                          ;
; Top-level Entity Name              ; SAD_V3                                          ;
; Family                             ; Cyclone III                                     ;
; Total logic elements               ; 204                                             ;
;     Total combinational functions  ; 125                                             ;
;     Dedicated logic registers      ; 103                                             ;
; Total registers                    ; 103                                             ;
; Total pins                         ; 87                                              ;
; Total virtual pins                 ; 0                                               ;
; Total memory bits                  ; 0                                               ;
; Embedded Multiplier 9-bit elements ; 0                                               ;
; Total PLLs                         ; 0                                               ;
+------------------------------------+-------------------------------------------------+


+----------------------------------------------------------------------------------------------------------------------+
; Analysis & Synthesis Settings                                                                                        ;
+----------------------------------------------------------------------------+--------------------+--------------------+
; Option                                                                     ; Setting            ; Default Value      ;
+----------------------------------------------------------------------------+--------------------+--------------------+
; Device                                                                     ; EP3C5E144C7        ;                    ;
; Top-level entity name                                                      ; SAD_V3             ; SAD_V3             ;
; Family name                                                                ; Cyclone III        ; Cyclone IV GX      ;
; Use smart compilation                                                      ; Off                ; Off                ;
; Enable parallel Assembler and TimeQuest Timing Analyzer during compilation ; On                 ; On                 ;
; Enable compact report table                                                ; Off                ; Off                ;
; Restructure Multiplexers                                                   ; Auto               ; Auto               ;
; Create Debugging Nodes for IP Cores                                        ; Off                ; Off                ;
; Preserve fewer node names                                                  ; On                 ; On                 ;
; Disable OpenCore Plus hardware evaluation                                  ; Off                ; Off                ;
; Verilog Version                                                            ; Verilog_2001       ; Verilog_2001       ;
; VHDL Version                                                               ; VHDL_1993          ; VHDL_1993          ;
; State Machine Processing                                                   ; Auto               ; Auto               ;
; Safe State Machine                                                         ; Off                ; Off                ;
; Extract Verilog State Machines                                             ; On                 ; On                 ;
; Extract VHDL State Machines                                                ; On                 ; On                 ;
; Ignore Verilog initial constructs                                          ; Off                ; Off                ;
; Iteration limit for constant Verilog loops                                 ; 5000               ; 5000               ;
; Iteration limit for non-constant Verilog loops                             ; 250                ; 250                ;
; Add Pass-Through Logic to Inferred RAMs                                    ; On                 ; On                 ;
; Infer RAMs from Raw Logic                                                  ; On                 ; On                 ;
; Parallel Synthesis                                                         ; On                 ; On                 ;
; DSP Block Balancing                                                        ; Auto               ; Auto               ;
; NOT Gate Push-Back                                                         ; On                 ; On                 ;
; Power-Up Don't Care                                                        ; On                 ; On                 ;
; Remove Redundant Logic Cells                                               ; Off                ; Off                ;
; Remove Duplicate Registers                                                 ; On                 ; On                 ;
; Ignore CARRY Buffers                                                       ; Off                ; Off                ;
; Ignore CASCADE Buffers                                                     ; Off                ; Off                ;
; Ignore GLOBAL Buffers                                                      ; Off                ; Off                ;
; Ignore ROW GLOBAL Buffers                                                  ; Off                ; Off                ;
; Ignore LCELL Buffers                                                       ; Off                ; Off                ;
; Ignore SOFT Buffers                                                        ; On                 ; On                 ;
; Limit AHDL Integers to 32 Bits                                             ; Off                ; Off                ;
; Optimization Technique                                                     ; Balanced           ; Balanced           ;
; Carry Chain Length                                                         ; 70                 ; 70                 ;
; Auto Carry Chains                                                          ; On                 ; On                 ;
; Auto Open-Drain Pins                                                       ; On                 ; On                 ;
; Perform WYSIWYG Primitive Resynthesis                                      ; Off                ; Off                ;
; Auto ROM Replacement                                                       ; On                 ; On                 ;
; Auto RAM Replacement                                                       ; On                 ; On                 ;
; Auto DSP Block Replacement                                                 ; On                 ; On                 ;
; Auto Shift Register Replacement                                            ; Auto               ; Auto               ;
; Allow Shift Register Merging across Hierarchies                            ; Auto               ; Auto               ;
; Auto Clock Enable Replacement                                              ; On                 ; On                 ;
; Strict RAM Replacement                                                     ; Off                ; Off                ;
; Allow Synchronous Control Signals                                          ; On                 ; On                 ;
; Force Use of Synchronous Clear Signals                                     ; Off                ; Off                ;
; Auto RAM Block Balancing                                                   ; On                 ; On                 ;
; Auto RAM to Logic Cell Conversion                                          ; Off                ; Off                ;
; Auto Resource Sharing                                                      ; Off                ; Off                ;
; Allow Any RAM Size For Recognition                                         ; Off                ; Off                ;
; Allow Any ROM Size For Recognition                                         ; Off                ; Off                ;
; Allow Any Shift Register Size For Recognition                              ; Off                ; Off                ;
; Use LogicLock Constraints during Resource Balancing                        ; On                 ; On                 ;
; Ignore translate_off and synthesis_off directives                          ; Off                ; Off                ;
; Timing-Driven Synthesis                                                    ; On                 ; On                 ;
; Report Parameter Settings                                                  ; On                 ; On                 ;
; Report Source Assignments                                                  ; On                 ; On                 ;
; Report Connectivity Checks                                                 ; On                 ; On                 ;
; Ignore Maximum Fan-Out Assignments                                         ; Off                ; Off                ;
; Synchronization Register Chain Length                                      ; 2                  ; 2                  ;
; PowerPlay Power Optimization                                               ; Normal compilation ; Normal compilation ;
; HDL message level                                                          ; Level2             ; Level2             ;
; Suppress Register Optimization Related Messages                            ; Off                ; Off                ;
; Number of Removed Registers Reported in Synthesis Report                   ; 5000               ; 5000               ;
; Number of Swept Nodes Reported in Synthesis Report                         ; 5000               ; 5000               ;
; Number of Inverted Registers Reported in Synthesis Report                  ; 100                ; 100                ;
; Clock MUX Protection                                                       ; On                 ; On                 ;
; Auto Gated Clock Conversion                                                ; Off                ; Off                ;
; Block Design Naming                                                        ; Auto               ; Auto               ;
; SDC constraint protection                                                  ; Off                ; Off                ;
; Synthesis Effort                                                           ; Auto               ; Auto               ;
; Shift Register Replacement - Allow Asynchronous Clear Signal               ; On                 ; On                 ;
; Pre-Mapping Resynthesis Optimization                                       ; Off                ; Off                ;
; Analysis & Synthesis Message Level                                         ; Medium             ; Medium             ;
; Disable Register Merging Across Hierarchies                                ; Auto               ; Auto               ;
; Resource Aware Inference For Block RAM                                     ; On                 ; On                 ;
; Synthesis Seed                                                             ; 1                  ; 1                  ;
+----------------------------------------------------------------------------+--------------------+--------------------+


Parallel compilation was disabled, but you have multiple processors available. Enable parallel compilation to reduce compilation time.
+-------------------------------------+
; Parallel Compilation                ;
+----------------------------+--------+
; Processors                 ; Number ;
+----------------------------+--------+
; Number detected on machine ; 8      ;
; Maximum allowed            ; 1      ;
+----------------------------+--------+


+-----------------------------------------------------------------------------------------------------------------------------------------------------+
; Analysis & Synthesis Source Files Read                                                                                                              ;
+-----------------------------------------------+-----------------+-----------------+-------------------------------------------------------+---------+
; File Name with User-Entered Path              ; Used in Netlist ; File Type       ; File Name with Absolute Path                          ; Library ;
+-----------------------------------------------+-----------------+-----------------+-------------------------------------------------------+---------+
; ../../Downloads/aSAD_V3 (1)/regn8.vhd         ; yes             ; User VHDL File  ; C:/Users/DELL/Downloads/aSAD_V3 (1)/regn8.vhd         ;         ;
; ../../Downloads/aSAD_V3 (1)/reg14.vhd         ; yes             ; User VHDL File  ; C:/Users/DELL/Downloads/aSAD_V3 (1)/reg14.vhd         ;         ;
; ../../Downloads/aSAD_V3 (1)/reg5.vhd          ; yes             ; User VHDL File  ; C:/Users/DELL/Downloads/aSAD_V3 (1)/reg5.vhd          ;         ;
; ../../Downloads/aSAD_V3 (1)/mux14.vhd         ; yes             ; User VHDL File  ; C:/Users/DELL/Downloads/aSAD_V3 (1)/mux14.vhd         ;         ;
; ../../Downloads/aSAD_V3 (1)/mux5.vhd          ; yes             ; User VHDL File  ; C:/Users/DELL/Downloads/aSAD_V3 (1)/mux5.vhd          ;         ;
; ../../Downloads/aSAD_V3 (1)/adder14.vhd       ; yes             ; User VHDL File  ; C:/Users/DELL/Downloads/aSAD_V3 (1)/adder14.vhd       ;         ;
; ../../Downloads/aSAD_V3 (1)/adder9.vhd        ; yes             ; User VHDL File  ; C:/Users/DELL/Downloads/aSAD_V3 (1)/adder9.vhd        ;         ;
; ../../Downloads/aSAD_V3 (1)/adder8.vhd        ; yes             ; User VHDL File  ; C:/Users/DELL/Downloads/aSAD_V3 (1)/adder8.vhd        ;         ;
; ../../Downloads/aSAD_V3 (1)/adder4.vhd        ; yes             ; User VHDL File  ; C:/Users/DELL/Downloads/aSAD_V3 (1)/adder4.vhd        ;         ;
; ../../Downloads/aSAD_V3 (1)/absolute.vhd      ; yes             ; User VHDL File  ; C:/Users/DELL/Downloads/aSAD_V3 (1)/absolute.vhd      ;         ;
; ../../Downloads/aSAD_V3 (1)/subtractor.vhd    ; yes             ; User VHDL File  ; C:/Users/DELL/Downloads/aSAD_V3 (1)/subtractor.vhd    ;         ;
; ../../Downloads/aSAD_V3 (1)/SAD_V3.vhd        ; yes             ; User VHDL File  ; C:/Users/DELL/Downloads/aSAD_V3 (1)/SAD_V3.vhd        ;         ;
; ../../Downloads/aSAD_V3 (1)/sad_operativo.vhd ; yes             ; User VHDL File  ; C:/Users/DELL/Downloads/aSAD_V3 (1)/sad_operativo.vhd ;         ;
; ../../Downloads/aSAD_V3 (1)/sad_controle.vhd  ; yes             ; User VHDL File  ; C:/Users/DELL/Downloads/aSAD_V3 (1)/sad_controle.vhd  ;         ;
+-----------------------------------------------+-----------------+-----------------+-------------------------------------------------------+---------+


+---------------------------------------------------------+
; Analysis & Synthesis Resource Usage Summary             ;
+---------------------------------------------+-----------+
; Resource                                    ; Usage     ;
+---------------------------------------------+-----------+
; Estimated Total logic elements              ; 204       ;
;                                             ;           ;
; Total combinational functions               ; 125       ;
; Logic element usage by number of LUT inputs ;           ;
;     -- 4 input functions                    ; 2         ;
;     -- 3 input functions                    ; 97        ;
;     -- <=2 input functions                  ; 26        ;
;                                             ;           ;
; Logic elements by mode                      ;           ;
;     -- normal mode                          ; 27        ;
;     -- arithmetic mode                      ; 98        ;
;                                             ;           ;
; Total registers                             ; 103       ;
;     -- Dedicated logic registers            ; 103       ;
;     -- I/O registers                        ; 0         ;
;                                             ;           ;
; I/O pins                                    ; 87        ;
; Embedded Multiplier 9-bit elements          ; 0         ;
; Maximum fan-out node                        ; clk~input ;
; Maximum fan-out                             ; 103       ;
; Total fan-out                               ; 769       ;
; Average fan-out                             ; 1.91      ;
+---------------------------------------------+-----------+


+---------------------------------------------------------------------------------------------------------------------------------------------------------------------------------------------------------------------------------+
; Analysis & Synthesis Resource Utilization by Entity                                                                                                                                                                             ;
+--------------------------------------+-------------------+--------------+-------------+--------------+---------+-----------+------+--------------+---------------------------------------------------------------+--------------+
; Compilation Hierarchy Node           ; LC Combinationals ; LC Registers ; Memory Bits ; DSP Elements ; DSP 9x9 ; DSP 18x18 ; Pins ; Virtual Pins ; Full Hierarchy Name                                           ; Library Name ;
+--------------------------------------+-------------------+--------------+-------------+--------------+---------+-----------+------+--------------+---------------------------------------------------------------+--------------+
; |SAD_V3                              ; 125 (0)           ; 103 (0)      ; 0           ; 0            ; 0       ; 0         ; 87   ; 0            ; |SAD_V3                                                       ; work         ;
;    |sad_controle:Bloco_de_Controle|  ; 5 (5)             ; 6 (6)        ; 0           ; 0            ; 0       ; 0         ; 0    ; 0            ; |SAD_V3|sad_controle:Bloco_de_Controle                        ; work         ;
;    |sad_operativo:Bloco_de_Operacao| ; 120 (0)           ; 97 (0)       ; 0           ; 0            ; 0       ; 0         ; 0    ; 0            ; |SAD_V3|sad_operativo:Bloco_de_Operacao                       ; work         ;
;       |absolute:Absolute0|           ; 9 (9)             ; 0 (0)        ; 0           ; 0            ; 0       ; 0         ; 0    ; 0            ; |SAD_V3|sad_operativo:Bloco_de_Operacao|absolute:Absolute0    ; work         ;
;       |absolute:Absolute1|           ; 9 (9)             ; 0 (0)        ; 0           ; 0            ; 0       ; 0         ; 0    ; 0            ; |SAD_V3|sad_operativo:Bloco_de_Operacao|absolute:Absolute1    ; work         ;
;       |absolute:Absolute2|           ; 9 (9)             ; 0 (0)        ; 0           ; 0            ; 0       ; 0         ; 0    ; 0            ; |SAD_V3|sad_operativo:Bloco_de_Operacao|absolute:Absolute2    ; work         ;
;       |absolute:Absolute3|           ; 9 (9)             ; 0 (0)        ; 0           ; 0            ; 0       ; 0         ; 0    ; 0            ; |SAD_V3|sad_operativo:Bloco_de_Operacao|absolute:Absolute3    ; work         ;
;       |adder4:Somadori|              ; 3 (3)             ; 0 (0)        ; 0           ; 0            ; 0       ; 0         ; 0    ; 0            ; |SAD_V3|sad_operativo:Bloco_de_Operacao|adder4:Somadori       ; work         ;
;       |adder8:Adder0|                ; 9 (9)             ; 0 (0)        ; 0           ; 0            ; 0       ; 0         ; 0    ; 0            ; |SAD_V3|sad_operativo:Bloco_de_Operacao|adder8:Adder0         ; work         ;
;       |adder8:Adder1|                ; 9 (9)             ; 0 (0)        ; 0           ; 0            ; 0       ; 0         ; 0    ; 0            ; |SAD_V3|sad_operativo:Bloco_de_Operacao|adder8:Adder1         ; work         ;
;       |adder9:Adder2|                ; 10 (10)           ; 0 (0)        ; 0           ; 0            ; 0       ; 0         ; 0    ; 0            ; |SAD_V3|sad_operativo:Bloco_de_Operacao|adder9:Adder2         ; work         ;
;       |mux5:Muxi|                    ; 3 (3)             ; 0 (0)        ; 0           ; 0            ; 0       ; 0         ; 0    ; 0            ; |SAD_V3|sad_operativo:Bloco_de_Operacao|mux5:Muxi             ; work         ;
;       |reg14:SAD_reg|                ; 0 (0)             ; 14 (14)      ; 0           ; 0            ; 0       ; 0         ; 0    ; 0            ; |SAD_V3|sad_operativo:Bloco_de_Operacao|reg14:SAD_reg         ; work         ;
;       |reg14:regsoma|                ; 14 (14)           ; 14 (14)      ; 0           ; 0            ; 0       ; 0         ; 0    ; 0            ; |SAD_V3|sad_operativo:Bloco_de_Operacao|reg14:regsoma         ; work         ;
;       |reg5:Regi|                    ; 0 (0)             ; 5 (5)        ; 0           ; 0            ; 0       ; 0         ; 0    ; 0            ; |SAD_V3|sad_operativo:Bloco_de_Operacao|reg5:Regi             ; work         ;
;       |regn8:RegPA0|                 ; 0 (0)             ; 8 (8)        ; 0           ; 0            ; 0       ; 0         ; 0    ; 0            ; |SAD_V3|sad_operativo:Bloco_de_Operacao|regn8:RegPA0          ; work         ;
;       |regn8:RegPA1|                 ; 0 (0)             ; 8 (8)        ; 0           ; 0            ; 0       ; 0         ; 0    ; 0            ; |SAD_V3|sad_operativo:Bloco_de_Operacao|regn8:RegPA1          ; work         ;
;       |regn8:RegPA2|                 ; 0 (0)             ; 8 (8)        ; 0           ; 0            ; 0       ; 0         ; 0    ; 0            ; |SAD_V3|sad_operativo:Bloco_de_Operacao|regn8:RegPA2          ; work         ;
;       |regn8:RegPA3|                 ; 0 (0)             ; 8 (8)        ; 0           ; 0            ; 0       ; 0         ; 0    ; 0            ; |SAD_V3|sad_operativo:Bloco_de_Operacao|regn8:RegPA3          ; work         ;
;       |regn8:RegPB0|                 ; 0 (0)             ; 8 (8)        ; 0           ; 0            ; 0       ; 0         ; 0    ; 0            ; |SAD_V3|sad_operativo:Bloco_de_Operacao|regn8:RegPB0          ; work         ;
;       |regn8:RegPB1|                 ; 0 (0)             ; 8 (8)        ; 0           ; 0            ; 0       ; 0         ; 0    ; 0            ; |SAD_V3|sad_operativo:Bloco_de_Operacao|regn8:RegPB1          ; work         ;
;       |regn8:RegPB2|                 ; 0 (0)             ; 8 (8)        ; 0           ; 0            ; 0       ; 0         ; 0    ; 0            ; |SAD_V3|sad_operativo:Bloco_de_Operacao|regn8:RegPB2          ; work         ;
;       |regn8:RegPB3|                 ; 0 (0)             ; 8 (8)        ; 0           ; 0            ; 0       ; 0         ; 0    ; 0            ; |SAD_V3|sad_operativo:Bloco_de_Operacao|regn8:RegPB3          ; work         ;
;       |subtractor:Subtrator0|        ; 9 (9)             ; 0 (0)        ; 0           ; 0            ; 0       ; 0         ; 0    ; 0            ; |SAD_V3|sad_operativo:Bloco_de_Operacao|subtractor:Subtrator0 ; work         ;
;       |subtractor:Subtrator1|        ; 9 (9)             ; 0 (0)        ; 0           ; 0            ; 0       ; 0         ; 0    ; 0            ; |SAD_V3|sad_operativo:Bloco_de_Operacao|subtractor:Subtrator1 ; work         ;
;       |subtractor:Subtrator2|        ; 9 (9)             ; 0 (0)        ; 0           ; 0            ; 0       ; 0         ; 0    ; 0            ; |SAD_V3|sad_operativo:Bloco_de_Operacao|subtractor:Subtrator2 ; work         ;
;       |subtractor:Subtrator3|        ; 9 (9)             ; 0 (0)        ; 0           ; 0            ; 0       ; 0         ; 0    ; 0            ; |SAD_V3|sad_operativo:Bloco_de_Operacao|subtractor:Subtrator3 ; work         ;
+--------------------------------------+-------------------+--------------+-------------+--------------+---------+-----------+------+--------------+---------------------------------------------------------------+--------------+
Note: For table entries with two numbers listed, the numbers in parentheses indicate the number of resources of the given type used by the specific entity alone. The numbers listed outside of parentheses indicate the total resources of the given type used by the specific entity and all of its sub-entities in the hierarchy.


Encoding Type:  One-Hot
+----------------------------------------------------------------------------------------------------------------------+
; State Machine - |SAD_V3|sad_controle:Bloco_de_Controle|estadoAtual                                                   ;
+----------------+----------------+----------------+----------------+----------------+----------------+----------------+
; Name           ; estadoAtual.S5 ; estadoAtual.S4 ; estadoAtual.S3 ; estadoAtual.S2 ; estadoAtual.S1 ; estadoAtual.S0 ;
+----------------+----------------+----------------+----------------+----------------+----------------+----------------+
; estadoAtual.S0 ; 0              ; 0              ; 0              ; 0              ; 0              ; 0              ;
; estadoAtual.S1 ; 0              ; 0              ; 0              ; 0              ; 1              ; 1              ;
; estadoAtual.S2 ; 0              ; 0              ; 0              ; 1              ; 0              ; 1              ;
; estadoAtual.S3 ; 0              ; 0              ; 1              ; 0              ; 0              ; 1              ;
; estadoAtual.S4 ; 0              ; 1              ; 0              ; 0              ; 0              ; 1              ;
; estadoAtual.S5 ; 1              ; 0              ; 0              ; 0              ; 0              ; 1              ;
+----------------+----------------+----------------+----------------+----------------+----------------+----------------+


+------------------------------------------------------+
; General Register Statistics                          ;
+----------------------------------------------+-------+
; Statistic                                    ; Value ;
+----------------------------------------------+-------+
; Total registers                              ; 103   ;
; Number of registers using Synchronous Clear  ; 17    ;
; Number of registers using Synchronous Load   ; 0     ;
; Number of registers using Asynchronous Clear ; 6     ;
; Number of registers using Asynchronous Load  ; 0     ;
; Number of registers using Clock Enable       ; 97    ;
; Number of registers using Preset             ; 0     ;
+----------------------------------------------+-------+


+------------------------------------------------------------------------+
; Parameter Settings for User Entity Instance: Top-level Entity: |SAD_V3 ;
+----------------+-------+-----------------------------------------------+
; Parameter Name ; Value ; Type                                          ;
+----------------+-------+-----------------------------------------------+
; B              ; 32    ; Signed Integer                                ;
; N              ; 16    ; Signed Integer                                ;
; P              ; 4     ; Signed Integer                                ;
+----------------+-------+-----------------------------------------------+
Note: In order to hide this table in the UI and the text report file, please set the "Show Parameter Settings in Synthesis Report" option in "Analysis and Synthesis Settings -> More Settings" to "Off".


+------------------------------------------------------------------------------+
; Parameter Settings for User Entity Instance: sad_operativo:Bloco_de_Operacao ;
+----------------+-------+-----------------------------------------------------+
; Parameter Name ; Value ; Type                                                ;
+----------------+-------+-----------------------------------------------------+
; b              ; 8     ; Signed Integer                                      ;
; n              ; 64    ; Signed Integer                                      ;
; p              ; 4     ; Signed Integer                                      ;
+----------------+-------+-----------------------------------------------------+
Note: In order to hide this table in the UI and the text report file, please set the "Show Parameter Settings in Synthesis Report" option in "Analysis and Synthesis Settings -> More Settings" to "Off".


+----------------------------------------------------------------------------------------------+
; Parameter Settings for User Entity Instance: sad_operativo:Bloco_de_Operacao|adder4:Somadori ;
+----------------+-------+---------------------------------------------------------------------+
; Parameter Name ; Value ; Type                                                                ;
+----------------+-------+---------------------------------------------------------------------+
; n              ; 4     ; Signed Integer                                                      ;
+----------------+-------+---------------------------------------------------------------------+
Note: In order to hide this table in the UI and the text report file, please set the "Show Parameter Settings in Synthesis Report" option in "Analysis and Synthesis Settings -> More Settings" to "Off".


+----------------------------------------------------------------------------------------------------+
; Parameter Settings for User Entity Instance: sad_operativo:Bloco_de_Operacao|subtractor:Subtrator0 ;
+----------------+-------+---------------------------------------------------------------------------+
; Parameter Name ; Value ; Type                                                                      ;
+----------------+-------+---------------------------------------------------------------------------+
; n              ; 8     ; Signed Integer                                                            ;
+----------------+-------+---------------------------------------------------------------------------+
Note: In order to hide this table in the UI and the text report file, please set the "Show Parameter Settings in Synthesis Report" option in "Analysis and Synthesis Settings -> More Settings" to "Off".


+----------------------------------------------------------------------------------------------------+
; Parameter Settings for User Entity Instance: sad_operativo:Bloco_de_Operacao|subtractor:Subtrator1 ;
+----------------+-------+---------------------------------------------------------------------------+
; Parameter Name ; Value ; Type                                                                      ;
+----------------+-------+---------------------------------------------------------------------------+
; n              ; 8     ; Signed Integer                                                            ;
+----------------+-------+---------------------------------------------------------------------------+
Note: In order to hide this table in the UI and the text report file, please set the "Show Parameter Settings in Synthesis Report" option in "Analysis and Synthesis Settings -> More Settings" to "Off".


+----------------------------------------------------------------------------------------------------+
; Parameter Settings for User Entity Instance: sad_operativo:Bloco_de_Operacao|subtractor:Subtrator2 ;
+----------------+-------+---------------------------------------------------------------------------+
; Parameter Name ; Value ; Type                                                                      ;
+----------------+-------+---------------------------------------------------------------------------+
; n              ; 8     ; Signed Integer                                                            ;
+----------------+-------+---------------------------------------------------------------------------+
Note: In order to hide this table in the UI and the text report file, please set the "Show Parameter Settings in Synthesis Report" option in "Analysis and Synthesis Settings -> More Settings" to "Off".


+----------------------------------------------------------------------------------------------------+
; Parameter Settings for User Entity Instance: sad_operativo:Bloco_de_Operacao|subtractor:Subtrator3 ;
+----------------+-------+---------------------------------------------------------------------------+
; Parameter Name ; Value ; Type                                                                      ;
+----------------+-------+---------------------------------------------------------------------------+
; n              ; 8     ; Signed Integer                                                            ;
+----------------+-------+---------------------------------------------------------------------------+
Note: In order to hide this table in the UI and the text report file, please set the "Show Parameter Settings in Synthesis Report" option in "Analysis and Synthesis Settings -> More Settings" to "Off".


+-------------------------------------------------------------------------------------------------+
; Parameter Settings for User Entity Instance: sad_operativo:Bloco_de_Operacao|absolute:Absolute0 ;
+----------------+-------+------------------------------------------------------------------------+
; Parameter Name ; Value ; Type                                                                   ;
+----------------+-------+------------------------------------------------------------------------+
; n              ; 9     ; Signed Integer                                                         ;
+----------------+-------+------------------------------------------------------------------------+
Note: In order to hide this table in the UI and the text report file, please set the "Show Parameter Settings in Synthesis Report" option in "Analysis and Synthesis Settings -> More Settings" to "Off".


+-------------------------------------------------------------------------------------------------+
; Parameter Settings for User Entity Instance: sad_operativo:Bloco_de_Operacao|absolute:Absolute1 ;
+----------------+-------+------------------------------------------------------------------------+
; Parameter Name ; Value ; Type                                                                   ;
+----------------+-------+------------------------------------------------------------------------+
; n              ; 9     ; Signed Integer                                                         ;
+----------------+-------+------------------------------------------------------------------------+
Note: In order to hide this table in the UI and the text report file, please set the "Show Parameter Settings in Synthesis Report" option in "Analysis and Synthesis Settings -> More Settings" to "Off".


+-------------------------------------------------------------------------------------------------+
; Parameter Settings for User Entity Instance: sad_operativo:Bloco_de_Operacao|absolute:Absolute2 ;
+----------------+-------+------------------------------------------------------------------------+
; Parameter Name ; Value ; Type                                                                   ;
+----------------+-------+------------------------------------------------------------------------+
; n              ; 9     ; Signed Integer                                                         ;
+----------------+-------+------------------------------------------------------------------------+
Note: In order to hide this table in the UI and the text report file, please set the "Show Parameter Settings in Synthesis Report" option in "Analysis and Synthesis Settings -> More Settings" to "Off".


+-------------------------------------------------------------------------------------------------+
; Parameter Settings for User Entity Instance: sad_operativo:Bloco_de_Operacao|absolute:Absolute3 ;
+----------------+-------+------------------------------------------------------------------------+
; Parameter Name ; Value ; Type                                                                   ;
+----------------+-------+------------------------------------------------------------------------+
; n              ; 9     ; Signed Integer                                                         ;
+----------------+-------+------------------------------------------------------------------------+
Note: In order to hide this table in the UI and the text report file, please set the "Show Parameter Settings in Synthesis Report" option in "Analysis and Synthesis Settings -> More Settings" to "Off".


+--------------------------------------------------------------------------------------------+
; Parameter Settings for User Entity Instance: sad_operativo:Bloco_de_Operacao|adder8:Adder0 ;
+----------------+-------+-------------------------------------------------------------------+
; Parameter Name ; Value ; Type                                                              ;
+----------------+-------+-------------------------------------------------------------------+
; n              ; 8     ; Signed Integer                                                    ;
+----------------+-------+-------------------------------------------------------------------+
Note: In order to hide this table in the UI and the text report file, please set the "Show Parameter Settings in Synthesis Report" option in "Analysis and Synthesis Settings -> More Settings" to "Off".


+--------------------------------------------------------------------------------------------+
; Parameter Settings for User Entity Instance: sad_operativo:Bloco_de_Operacao|adder8:Adder1 ;
+----------------+-------+-------------------------------------------------------------------+
; Parameter Name ; Value ; Type                                                              ;
+----------------+-------+-------------------------------------------------------------------+
; n              ; 8     ; Signed Integer                                                    ;
+----------------+-------+-------------------------------------------------------------------+
Note: In order to hide this table in the UI and the text report file, please set the "Show Parameter Settings in Synthesis Report" option in "Analysis and Synthesis Settings -> More Settings" to "Off".


+--------------------------------------------------------------------------------------------+
; Parameter Settings for User Entity Instance: sad_operativo:Bloco_de_Operacao|adder9:Adder2 ;
+----------------+-------+-------------------------------------------------------------------+
; Parameter Name ; Value ; Type                                                              ;
+----------------+-------+-------------------------------------------------------------------+
; n              ; 9     ; Signed Integer                                                    ;
+----------------+-------+-------------------------------------------------------------------+
Note: In order to hide this table in the UI and the text report file, please set the "Show Parameter Settings in Synthesis Report" option in "Analysis and Synthesis Settings -> More Settings" to "Off".


+---------------------------------------------------------------------------------------------+
; Parameter Settings for User Entity Instance: sad_operativo:Bloco_de_Operacao|adder14:Adder3 ;
+----------------+-------+--------------------------------------------------------------------+
; Parameter Name ; Value ; Type                                                               ;
+----------------+-------+--------------------------------------------------------------------+
; n              ; 14    ; Signed Integer                                                     ;
+----------------+-------+--------------------------------------------------------------------+
Note: In order to hide this table in the UI and the text report file, please set the "Show Parameter Settings in Synthesis Report" option in "Analysis and Synthesis Settings -> More Settings" to "Off".


+---------------------------------------------------------------------------+
; Port Connectivity Checks: "sad_operativo:Bloco_de_Operacao|reg14:SAD_reg" ;
+------+-------+----------+-------------------------------------------------+
; Port ; Type  ; Severity ; Details                                         ;
+------+-------+----------+-------------------------------------------------+
; rst  ; Input ; Info     ; Stuck at GND                                    ;
+------+-------+----------+-------------------------------------------------+


+---------------------------------------------------------------------------+
; Port Connectivity Checks: "sad_operativo:Bloco_de_Operacao|reg14:regsoma" ;
+------+-------+----------+-------------------------------------------------+
; Port ; Type  ; Severity ; Details                                         ;
+------+-------+----------+-------------------------------------------------+
; rst  ; Input ; Info     ; Stuck at GND                                    ;
+------+-------+----------+-------------------------------------------------+


+--------------------------------------------------------------------------+
; Port Connectivity Checks: "sad_operativo:Bloco_de_Operacao|mux14:MMux14" ;
+------+-------+----------+------------------------------------------------+
; Port ; Type  ; Severity ; Details                                        ;
+------+-------+----------+------------------------------------------------+
; b    ; Input ; Info     ; Stuck at GND                                   ;
+------+-------+----------+------------------------------------------------+


+---------------------------------------------------------------------------------------------------------------------+
; Port Connectivity Checks: "sad_operativo:Bloco_de_Operacao|adder14:Adder3"                                          ;
+-----------+--------+----------+-------------------------------------------------------------------------------------+
; Port      ; Type   ; Severity ; Details                                                                             ;
+-----------+--------+----------+-------------------------------------------------------------------------------------+
; b[13..10] ; Input  ; Info     ; Stuck at GND                                                                        ;
; cout      ; Output ; Info     ; Connected to dangling logic. Logic that only feeds a dangling port will be removed. ;
+-----------+--------+----------+-------------------------------------------------------------------------------------+


+----------------------------------------------------------------------------------------------------------------+
; Port Connectivity Checks: "sad_operativo:Bloco_de_Operacao|subtractor:Subtrator3"                              ;
+------+--------+----------+-------------------------------------------------------------------------------------+
; Port ; Type   ; Severity ; Details                                                                             ;
+------+--------+----------+-------------------------------------------------------------------------------------+
; x    ; Output ; Info     ; Connected to dangling logic. Logic that only feeds a dangling port will be removed. ;
+------+--------+----------+-------------------------------------------------------------------------------------+


+----------------------------------------------------------------------------------------------------------------+
; Port Connectivity Checks: "sad_operativo:Bloco_de_Operacao|subtractor:Subtrator2"                              ;
+------+--------+----------+-------------------------------------------------------------------------------------+
; Port ; Type   ; Severity ; Details                                                                             ;
+------+--------+----------+-------------------------------------------------------------------------------------+
; x    ; Output ; Info     ; Connected to dangling logic. Logic that only feeds a dangling port will be removed. ;
+------+--------+----------+-------------------------------------------------------------------------------------+


+----------------------------------------------------------------------------------------------------------------+
; Port Connectivity Checks: "sad_operativo:Bloco_de_Operacao|subtractor:Subtrator1"                              ;
+------+--------+----------+-------------------------------------------------------------------------------------+
; Port ; Type   ; Severity ; Details                                                                             ;
+------+--------+----------+-------------------------------------------------------------------------------------+
; x    ; Output ; Info     ; Connected to dangling logic. Logic that only feeds a dangling port will be removed. ;
+------+--------+----------+-------------------------------------------------------------------------------------+


+----------------------------------------------------------------------------------------------------------------+
; Port Connectivity Checks: "sad_operativo:Bloco_de_Operacao|subtractor:Subtrator0"                              ;
+------+--------+----------+-------------------------------------------------------------------------------------+
; Port ; Type   ; Severity ; Details                                                                             ;
+------+--------+----------+-------------------------------------------------------------------------------------+
; x    ; Output ; Info     ; Connected to dangling logic. Logic that only feeds a dangling port will be removed. ;
+------+--------+----------+-------------------------------------------------------------------------------------+


+--------------------------------------------------------------------------+
; Port Connectivity Checks: "sad_operativo:Bloco_de_Operacao|regn8:RegPB3" ;
+------+-------+----------+------------------------------------------------+
; Port ; Type  ; Severity ; Details                                        ;
+------+-------+----------+------------------------------------------------+
; rst  ; Input ; Info     ; Stuck at GND                                   ;
+------+-------+----------+------------------------------------------------+


+--------------------------------------------------------------------------+
; Port Connectivity Checks: "sad_operativo:Bloco_de_Operacao|regn8:RegPB2" ;
+------+-------+----------+------------------------------------------------+
; Port ; Type  ; Severity ; Details                                        ;
+------+-------+----------+------------------------------------------------+
; rst  ; Input ; Info     ; Stuck at GND                                   ;
+------+-------+----------+------------------------------------------------+


+--------------------------------------------------------------------------+
; Port Connectivity Checks: "sad_operativo:Bloco_de_Operacao|regn8:RegPB1" ;
+------+-------+----------+------------------------------------------------+
; Port ; Type  ; Severity ; Details                                        ;
+------+-------+----------+------------------------------------------------+
; rst  ; Input ; Info     ; Stuck at GND                                   ;
+------+-------+----------+------------------------------------------------+


+--------------------------------------------------------------------------+
; Port Connectivity Checks: "sad_operativo:Bloco_de_Operacao|regn8:RegPB0" ;
+------+-------+----------+------------------------------------------------+
; Port ; Type  ; Severity ; Details                                        ;
+------+-------+----------+------------------------------------------------+
; rst  ; Input ; Info     ; Stuck at GND                                   ;
+------+-------+----------+------------------------------------------------+


+--------------------------------------------------------------------------+
; Port Connectivity Checks: "sad_operativo:Bloco_de_Operacao|regn8:RegPA3" ;
+------+-------+----------+------------------------------------------------+
; Port ; Type  ; Severity ; Details                                        ;
+------+-------+----------+------------------------------------------------+
; rst  ; Input ; Info     ; Stuck at GND                                   ;
+------+-------+----------+------------------------------------------------+


+--------------------------------------------------------------------------+
; Port Connectivity Checks: "sad_operativo:Bloco_de_Operacao|regn8:RegPA2" ;
+------+-------+----------+------------------------------------------------+
; Port ; Type  ; Severity ; Details                                        ;
+------+-------+----------+------------------------------------------------+
; rst  ; Input ; Info     ; Stuck at GND                                   ;
+------+-------+----------+------------------------------------------------+


+--------------------------------------------------------------------------+
; Port Connectivity Checks: "sad_operativo:Bloco_de_Operacao|regn8:RegPA1" ;
+------+-------+----------+------------------------------------------------+
; Port ; Type  ; Severity ; Details                                        ;
+------+-------+----------+------------------------------------------------+
; rst  ; Input ; Info     ; Stuck at GND                                   ;
+------+-------+----------+------------------------------------------------+


+--------------------------------------------------------------------------+
; Port Connectivity Checks: "sad_operativo:Bloco_de_Operacao|regn8:RegPA0" ;
+------+-------+----------+------------------------------------------------+
; Port ; Type  ; Severity ; Details                                        ;
+------+-------+----------+------------------------------------------------+
; rst  ; Input ; Info     ; Stuck at GND                                   ;
+------+-------+----------+------------------------------------------------+


+-----------------------------------------------------------------------------+
; Port Connectivity Checks: "sad_operativo:Bloco_de_Operacao|adder4:Somadori" ;
+---------+-------+----------+------------------------------------------------+
; Port    ; Type  ; Severity ; Details                                        ;
+---------+-------+----------+------------------------------------------------+
; b[3..1] ; Input ; Info     ; Stuck at GND                                   ;
; b[0]    ; Input ; Info     ; Stuck at VCC                                   ;
+---------+-------+----------+------------------------------------------------+


+-----------------------------------------------------------------------+
; Port Connectivity Checks: "sad_operativo:Bloco_de_Operacao|reg5:Regi" ;
+------+-------+----------+---------------------------------------------+
; Port ; Type  ; Severity ; Details                                     ;
+------+-------+----------+---------------------------------------------+
; rst  ; Input ; Info     ; Stuck at GND                                ;
+------+-------+----------+---------------------------------------------+


+-----------------------------------------------------------------------+
; Port Connectivity Checks: "sad_operativo:Bloco_de_Operacao|mux5:Muxi" ;
+------+-------+----------+---------------------------------------------+
; Port ; Type  ; Severity ; Details                                     ;
+------+-------+----------+---------------------------------------------+
; b    ; Input ; Info     ; Stuck at GND                                ;
+------+-------+----------+---------------------------------------------+


+-------------------------------+
; Elapsed Time Per Partition    ;
+----------------+--------------+
; Partition Name ; Elapsed Time ;
+----------------+--------------+
; Top            ; 00:00:00     ;
+----------------+--------------+


+-------------------------------+
; Analysis & Synthesis Messages ;
+-------------------------------+
Info: *******************************************************************
Info: Running Quartus II 32-bit Analysis & Synthesis
    Info: Version 13.0.1 Build 232 06/12/2013 Service Pack 1 SJ Web Edition
    Info: Processing started: Mon Nov 04 04:21:22 2024
Info: Command: quartus_map --read_settings_files=on --write_settings_files=off SAD_V3 -c SAD_V3
Warning (20028): Parallel compilation is not licensed and has been disabled
Info (12021): Found 2 design units, including 1 entities, in source file /users/dell/downloads/asad_v3 (1)/regn8.vhd
    Info (12022): Found design unit 1: regn8-Behavioral
    Info (12023): Found entity 1: regn8
Info (12021): Found 2 design units, including 1 entities, in source file /users/dell/downloads/asad_v3 (1)/reg14.vhd
    Info (12022): Found design unit 1: reg14-Behavioral
    Info (12023): Found entity 1: reg14
Info (12021): Found 2 design units, including 1 entities, in source file /users/dell/downloads/asad_v3 (1)/reg7.vhd
    Info (12022): Found design unit 1: reg7-Behavioral
    Info (12023): Found entity 1: reg7
Info (12021): Found 2 design units, including 1 entities, in source file /users/dell/downloads/asad_v3 (1)/reg5.vhd
    Info (12022): Found design unit 1: reg5-Behavioral
    Info (12023): Found entity 1: reg5
Info (12021): Found 2 design units, including 1 entities, in source file /users/dell/downloads/asad_v3 (1)/mux14.vhd
    Info (12022): Found design unit 1: mux14-Behavioral
    Info (12023): Found entity 1: mux14
Info (12021): Found 2 design units, including 1 entities, in source file /users/dell/downloads/asad_v3 (1)/mux6.vhd
    Info (12022): Found design unit 1: mux6-Behavioral
    Info (12023): Found entity 1: mux6
Info (12021): Found 2 design units, including 1 entities, in source file /users/dell/downloads/asad_v3 (1)/mux5.vhd
    Info (12022): Found design unit 1: mux5-Behavioral
    Info (12023): Found entity 1: mux5
Info (12021): Found 2 design units, including 1 entities, in source file /users/dell/downloads/asad_v3 (1)/adder14.vhd
    Info (12022): Found design unit 1: adder14-rtl
    Info (12023): Found entity 1: adder14
Info (12021): Found 2 design units, including 1 entities, in source file /users/dell/downloads/asad_v3 (1)/adder9.vhd
    Info (12022): Found design unit 1: adder9-rtl
    Info (12023): Found entity 1: adder9
Info (12021): Found 2 design units, including 1 entities, in source file /users/dell/downloads/asad_v3 (1)/adder8.vhd
    Info (12022): Found design unit 1: adder8-rtl
    Info (12023): Found entity 1: adder8
Info (12021): Found 2 design units, including 1 entities, in source file /users/dell/downloads/asad_v3 (1)/adder4.vhd
    Info (12022): Found design unit 1: adder4-rtl
    Info (12023): Found entity 1: adder4
Info (12021): Found 2 design units, including 1 entities, in source file /users/dell/downloads/asad_v3 (1)/adder.vhd
    Info (12022): Found design unit 1: adder-rtl
    Info (12023): Found entity 1: adder
Info (12021): Found 2 design units, including 1 entities, in source file /users/dell/downloads/asad_v3 (1)/absolute.vhd
    Info (12022): Found design unit 1: absolute-arch
    Info (12023): Found entity 1: absolute
Info (12021): Found 2 design units, including 1 entities, in source file /users/dell/downloads/asad_v3 (1)/subtractor.vhd
    Info (12022): Found design unit 1: subtractor-rtl
    Info (12023): Found entity 1: subtractor
Info (12021): Found 0 design units, including 0 entities, in source file /users/dell/downloads/asad_v3 (1)/stimulos.vhd
Info (12021): Found 2 design units, including 1 entities, in source file /users/dell/downloads/asad_v3 (1)/sad_v3.vhd
    Info (12022): Found design unit 1: SAD_V3-arch
    Info (12023): Found entity 1: SAD_V3
Info (12021): Found 2 design units, including 1 entities, in source file /users/dell/downloads/asad_v3 (1)/sad_operativo.vhd
    Info (12022): Found design unit 1: sad_operativo-arch
    Info (12023): Found entity 1: sad_operativo
Info (12021): Found 2 design units, including 1 entities, in source file /users/dell/downloads/asad_v3 (1)/sad_controle.vhd
    Info (12022): Found design unit 1: sad_controle-arch
    Info (12023): Found entity 1: sad_controle
Info (12127): Elaborating entity "SAD_V3" for the top level hierarchy
Info (12128): Elaborating entity "sad_controle" for hierarchy "sad_controle:Bloco_de_Controle"
Warning (10631): VHDL Process Statement warning at sad_controle.vhd(42): inferring latch(es) for signal or variable "proximoEstado", which holds its previous value in one or more paths through the process
Info (10041): Inferred latch for "proximoEstado.S5" at sad_controle.vhd(42)
Info (10041): Inferred latch for "proximoEstado.S4" at sad_controle.vhd(42)
Info (10041): Inferred latch for "proximoEstado.S3" at sad_controle.vhd(42)
Info (10041): Inferred latch for "proximoEstado.S2" at sad_controle.vhd(42)
Info (10041): Inferred latch for "proximoEstado.S1" at sad_controle.vhd(42)
Info (10041): Inferred latch for "proximoEstado.S0" at sad_controle.vhd(42)
Info (12128): Elaborating entity "sad_operativo" for hierarchy "sad_operativo:Bloco_de_Operacao"
Warning (10036): Verilog HDL or VHDL warning at sad_operativo.vhd(74): object "x" assigned a value but never read
Warning (10036): Verilog HDL or VHDL warning at sad_operativo.vhd(74): object "xx" assigned a value but never read
Warning (10036): Verilog HDL or VHDL warning at sad_operativo.vhd(74): object "xxx" assigned a value but never read
Warning (10036): Verilog HDL or VHDL warning at sad_operativo.vhd(74): object "xxxx" assigned a value but never read
Warning (10036): Verilog HDL or VHDL warning at sad_operativo.vhd(82): object "y" assigned a value but never read
Info (12128): Elaborating entity "mux5" for hierarchy "sad_operativo:Bloco_de_Operacao|mux5:Muxi"
Info (12128): Elaborating entity "reg5" for hierarchy "sad_operativo:Bloco_de_Operacao|reg5:Regi"
Info (12128): Elaborating entity "adder4" for hierarchy "sad_operativo:Bloco_de_Operacao|adder4:Somadori"
Info (12128): Elaborating entity "regn8" for hierarchy "sad_operativo:Bloco_de_Operacao|regn8:RegPA0"
Info (12128): Elaborating entity "subtractor" for hierarchy "sad_operativo:Bloco_de_Operacao|subtractor:Subtrator0"
Warning (10541): VHDL Signal Declaration warning at subtractor.vhd(9): used implicit default value for signal "x" because signal was never assigned a value or an explicit default value. Use of implicit default value may introduce unintended design optimizations.
Info (12128): Elaborating entity "absolute" for hierarchy "sad_operativo:Bloco_de_Operacao|absolute:Absolute0"
Info (12128): Elaborating entity "adder8" for hierarchy "sad_operativo:Bloco_de_Operacao|adder8:Adder0"
Info (12128): Elaborating entity "adder9" for hierarchy "sad_operativo:Bloco_de_Operacao|adder9:Adder2"
Info (12128): Elaborating entity "adder14" for hierarchy "sad_operativo:Bloco_de_Operacao|adder14:Adder3"
Info (12128): Elaborating entity "mux14" for hierarchy "sad_operativo:Bloco_de_Operacao|mux14:MMux14"
Info (12128): Elaborating entity "reg14" for hierarchy "sad_operativo:Bloco_de_Operacao|reg14:regsoma"
Info (286030): Timing-Driven Synthesis is running
Info (16010): Generating hard_block partition "hard_block:auto_generated_inst"
    Info (16011): Adding 0 node(s), including 0 DDIO, 0 PLL, 0 transceiver and 0 LCELL
Info (21057): Implemented 292 device resources after synthesis - the final resource count might be different
    Info (21058): Implemented 67 input pins
    Info (21059): Implemented 20 output pins
    Info (21061): Implemented 205 logic cells
Info: Quartus II 32-bit Analysis & Synthesis was successful. 0 errors, 8 warnings
    Info: Peak virtual memory: 389 megabytes
    Info: Processing ended: Mon Nov 04 04:21:24 2024
    Info: Elapsed time: 00:00:02
    Info: Total CPU time (on all processors): 00:00:02


